{
  "RSpec": {
    "coverage": {
      "/home/dieterlong/tic-tac-toe-rb-online-web-sp-000/lib/tic_tac_toe.rb": [
        null,
        null,
        null,
        1,
        null,
        null,
        null,
        null,
        null,
        null,
        null,
        null,
        null,
        1,
        5,
        5,
        5,
        5,
        5,
        null,
        null,
        1,
        18633,
        null,
        null,
        1,
        4,
        null,
        null,
        null,
        1,
        4,
        null,
        null,
        1,
        10,
        63,
        63,
        63,
        63,
        63,
        63,
        null,
        63,
        4,
        59,
        1,
        null,
        null,
        5,
        null,
        null,
        1,
        62,
        null,
        null,
        1,
        6,
        2,
        null,
        4,
        null,
        null,
        null,
        1,
        3,
        null,
        null,
        1,
        3,
        2,
        1,
        1,
        null,
        null,
        null,
        1,
        3,
        3,
        3,
        null,
        null,
        2,
        1,
        null,
        1,
        null,
        null,
        null,
        null,
        1,
        18632,
        0,
        0,
        null,
        0,
        null,
        null,
        null,
        18632,
        18632,
        18630,
        18630,
        18630,
        0,
        0,
        null,
        18630,
        null,
        null,
        null
      ]
    },
    "timestamp": 1619551706
  }
}
